{"name": "Проверка редиректа по клику на кнопку \"Лента заказов\" в хедере", "status": "broken", "statusDetails": {"message": "selenium.common.exceptions.TimeoutException: Message: \nStacktrace:\nWebDriverError@chrome://marionette/content/error.js:175:5\nNoSuchElementError@chrome://marionette/content/error.js:387:5\nelement.find/</<@chrome://marionette/content/element.js:331:16", "trace": "self = <tests.test_header_page.TestHeaderPage object at 0x00000270914AAED0>\ndriver = <selenium.webdriver.firefox.webdriver.WebDriver (session=\"bad3960d-512d-4df5-9bff-0c26936371d1\")>\n\n    @allure.title('Проверка редиректа по клику на кнопку \"Лента заказов\" в хедере')\n    def test_redirect_by_order_list_button(self, driver):\n    \n        header_page = HeaderPage(driver)\n        header_page.click_on_order_list()\n        feed_page = FeedPage(driver)\n    \n>       assert feed_page.find_the_element(5, FeedPageLocators.ORDERS_LIST_TITLE).is_displayed(), \\\n            'Не удалось перейти на страницу с заказами по клику на кнопку \"Лента заказов\"'\n\ntests\\test_header_page.py:20: \n_ _ _ _ _ _ _ _ _ _ _ _ _ _ _ _ _ _ _ _ _ _ _ _ _ _ _ _ _ _ _ _ _ _ _ _ _ _ _ _ _ _ _ _ _ _ _ _ _ _ _ _ _ _ _ _ _ _ _ _ _ _ _ _ _ _ _ _ _ _ _ _ _ _ _ _ _ _ _ _ _ _ _ _ _ _ _ _ _ _\npages\\base_page.py:19: in find_the_element\n    element = WebDriverWait(self.driver, sec).until(expected_conditions.visibility_of_element_located(\n_ _ _ _ _ _ _ _ _ _ _ _ _ _ _ _ _ _ _ _ _ _ _ _ _ _ _ _ _ _ _ _ _ _ _ _ _ _ _ _ _ _ _ _ _ _ _ _ _ _ _ _ _ _ _ _ _ _ _ _ _ _ _ _ _ _ _ _ _ _ _ _ _ _ _ _ _ _ _ _ _ _ _ _ _ _ _ _ _ _\n\nself = <selenium.webdriver.support.wait.WebDriverWait (session=\"bad3960d-512d-4df5-9bff-0c26936371d1\")>\nmethod = <function visibility_of_element_located.<locals>._predicate at 0x0000027091AC0C20>, message = ''\n\n    def until(self, method, message: str = \"\"):\n        \"\"\"Calls the method provided with the driver as an argument until the \\\n        return value does not evaluate to ``False``.\n    \n        :param method: callable(WebDriver)\n        :param message: optional message for :exc:`TimeoutException`\n        :returns: the result of the last call to `method`\n        :raises: :exc:`selenium.common.exceptions.TimeoutException` if timeout occurs\n        \"\"\"\n        screen = None\n        stacktrace = None\n    \n        end_time = time.monotonic() + self._timeout\n        while True:\n            try:\n                value = method(self._driver)\n                if value:\n                    return value\n            except self._ignored_exceptions as exc:\n                screen = getattr(exc, \"screen\", None)\n                stacktrace = getattr(exc, \"stacktrace\", None)\n            time.sleep(self._poll)\n            if time.monotonic() > end_time:\n                break\n>       raise TimeoutException(message, screen, stacktrace)\nE       selenium.common.exceptions.TimeoutException: Message: \nE       Stacktrace:\nE       WebDriverError@chrome://marionette/content/error.js:175:5\nE       NoSuchElementError@chrome://marionette/content/error.js:387:5\nE       element.find/</<@chrome://marionette/content/element.js:331:16\n\n..\\..\\AppData\\Local\\Programs\\Python\\Python312\\Lib\\site-packages\\selenium\\webdriver\\support\\wait.py:95: TimeoutException"}, "steps": [{"name": "Переходим на страницу с заказами при клике на кнопку \"Лента заказов\" в хедере", "status": "passed", "steps": [{"name": "Перемещаемся до элемента и кликаем на него", "status": "passed", "parameters": [{"name": "element_locator", "value": "('xpath', '//p[text()=\"Лента Заказов\"]/parent::a')"}], "start": 1701369479834, "stop": 1701369480171}], "start": 1701369479834, "stop": 1701369480171}, {"name": "Ищем элемент, ожидая, пока он становится видимым", "status": "broken", "statusDetails": {"message": "selenium.common.exceptions.TimeoutException: Message: \nStacktrace:\nWebDriverError@chrome://marionette/content/error.js:175:5\nNoSuchElementError@chrome://marionette/content/error.js:387:5\nelement.find/</<@chrome://marionette/content/element.js:331:16\n\n", "trace": "  File \"C:\\Users\\Superuser\\AppData\\Local\\Programs\\Python\\Python312\\Lib\\site-packages\\allure_commons\\_allure.py\", line 192, in impl\n    return func(*a, **kw)\n           ^^^^^^^^^^^^^^\n  File \"C:\\Users\\Superuser\\PycharmProjects\\Diplom_3\\pages\\base_page.py\", line 19, in find_the_element\n    element = WebDriverWait(self.driver, sec).until(expected_conditions.visibility_of_element_located(\n              ^^^^^^^^^^^^^^^^^^^^^^^^^^^^^^^^^^^^^^^^^^^^^^^^^^^^^^^^^^^^^^^^^^^^^^^^^^^^^^^^^^^^^^^^\n  File \"C:\\Users\\Superuser\\AppData\\Local\\Programs\\Python\\Python312\\Lib\\site-packages\\selenium\\webdriver\\support\\wait.py\", line 95, in until\n    raise TimeoutException(message, screen, stacktrace)\n"}, "parameters": [{"name": "sec", "value": "5"}, {"name": "element_locator", "value": "('xpath', '//h1[text()=\"Лента заказов\"]')"}], "start": 1701369480171, "stop": 1701369485222}], "parameters": [{"name": "driver", "value": "'firefox'"}], "start": 1701369479834, "stop": 1701369485234, "uuid": "a6a83a9f-745f-4ec9-b572-19edfbb6525c", "historyId": "3b3816b34548864800eb3d1286fd0da6", "testCaseId": "ef0d5c4a5d8c7709512aa4a8ce654ea1", "fullName": "tests.test_header_page.TestHeaderPage#test_redirect_by_order_list_button", "labels": [{"name": "parentSuite", "value": "tests"}, {"name": "suite", "value": "test_header_page"}, {"name": "subSuite", "value": "TestHeaderPage"}, {"name": "host", "value": "WKS-084"}, {"name": "thread", "value": "2132-MainThread"}, {"name": "framework", "value": "pytest"}, {"name": "language", "value": "cpython3"}, {"name": "package", "value": "tests.test_header_page"}]}